<?xml version="1.0" encoding="UTF-8"?>
<testsuite xmlns:xsi="http://www.w3.org/2001/XMLSchema-instance" xsi:noNamespaceSchemaLocation="https://maven.apache.org/surefire/maven-surefire-plugin/xsd/surefire-test-report.xsd" name="org.apache.flink.runtime.taskmanager.TaskTest" time="12.054" tests="1" errors="0" skipped="0" failures="1">
  <properties>
    <property name="gopherProxySet" value="false"/>
    <property name="awt.toolkit" value="sun.lwawt.macosx.LWCToolkit"/>
    <property name="socksProxyHost" value="127.0.0.1"/>
    <property name="log4j.configuration" value="log4j2-test.properties"/>
    <property name="java.specification.version" value="1.8"/>
    <property name="file.encoding.pkg" value="sun.io"/>
    <property name="sun.cpu.isalist" value=""/>
    <property name="forkNumber" value="01"/>
    <property name="sun.jnu.encoding" value="UTF-8"/>
    <property name="java.class.path" value="/Users/knightsong/Desktop/flink/flink-runtime/target/test-classes:/Users/knightsong/Desktop/flink/flink-runtime/target/classes:/Users/knightsong/.m2/repository/org/apache/flink/flink-core/1.11-SNAPSHOT/flink-core-1.11-SNAPSHOT.jar:/Users/knightsong/.m2/repository/org/apache/flink/flink-annotations/1.11-SNAPSHOT/flink-annotations-1.11-SNAPSHOT.jar:/Users/knightsong/.m2/repository/org/apache/flink/flink-metrics-core/1.11-SNAPSHOT/flink-metrics-core-1.11-SNAPSHOT.jar:/Users/knightsong/.m2/repository/org/apache/flink/flink-shaded-asm-7/7.1-10.0/flink-shaded-asm-7-7.1-10.0.jar:/Users/knightsong/.m2/repository/com/esotericsoftware/kryo/kryo/2.24.0/kryo-2.24.0.jar:/Users/knightsong/.m2/repository/com/esotericsoftware/minlog/minlog/1.2/minlog-1.2.jar:/Users/knightsong/.m2/repository/commons-collections/commons-collections/3.2.2/commons-collections-3.2.2.jar:/Users/knightsong/.m2/repository/org/apache/commons/commons-compress/1.20/commons-compress-1.20.jar:/Users/knightsong/.m2/repository/org/apache/flink/flink-java/1.11-SNAPSHOT/flink-java-1.11-SNAPSHOT.jar:/Users/knightsong/.m2/repository/org/apache/commons/commons-math3/3.5/commons-math3-3.5.jar:/Users/knightsong/.m2/repository/org/apache/flink/flink-queryable-state-client-java/1.11-SNAPSHOT/flink-queryable-state-client-java-1.11-SNAPSHOT.jar:/Users/knightsong/.m2/repository/org/apache/flink/flink-hadoop-fs/1.11-SNAPSHOT/flink-hadoop-fs-1.11-SNAPSHOT.jar:/Users/knightsong/.m2/repository/org/apache/flink/flink-shaded-hadoop-2/2.4.1-10.0/flink-shaded-hadoop-2-2.4.1-10.0.jar:/Users/knightsong/.m2/repository/org/apache/avro/avro/1.8.2/avro-1.8.2.jar:/Users/knightsong/.m2/repository/org/codehaus/jackson/jackson-core-asl/1.9.13/jackson-core-asl-1.9.13.jar:/Users/knightsong/.m2/repository/org/codehaus/jackson/jackson-mapper-asl/1.9.13/jackson-mapper-asl-1.9.13.jar:/Users/knightsong/.m2/repository/com/thoughtworks/paranamer/paranamer/2.7/paranamer-2.7.jar:/Users/knightsong/.m2/repository/org/tukaani/xz/1.5/xz-1.5.jar:/Users/knightsong/.m2/repository/xmlenc/xmlenc/0.52/xmlenc-0.52.jar:/Users/knightsong/.m2/repository/commons-codec/commons-codec/1.10/commons-codec-1.10.jar:/Users/knightsong/.m2/repository/commons-net/commons-net/3.1/commons-net-3.1.jar:/Users/knightsong/.m2/repository/javax/servlet/servlet-api/2.5/servlet-api-2.5.jar:/Users/knightsong/.m2/repository/commons-el/commons-el/1.0/commons-el-1.0.jar:/Users/knightsong/.m2/repository/commons-logging/commons-logging/1.1.3/commons-logging-1.1.3.jar:/Users/knightsong/.m2/repository/com/jamesmurty/utils/java-xmlbuilder/0.4/java-xmlbuilder-0.4.jar:/Users/knightsong/.m2/repository/commons-lang/commons-lang/2.6/commons-lang-2.6.jar:/Users/knightsong/.m2/repository/commons-configuration/commons-configuration/1.7/commons-configuration-1.7.jar:/Users/knightsong/.m2/repository/commons-digester/commons-digester/1.8.1/commons-digester-1.8.1.jar:/Users/knightsong/.m2/repository/com/jcraft/jsch/0.1.42/jsch-0.1.42.jar:/Users/knightsong/.m2/repository/org/apache/zookeeper/zookeeper/3.4.10/zookeeper-3.4.10.jar:/Users/knightsong/.m2/repository/commons-beanutils/commons-beanutils/1.9.3/commons-beanutils-1.9.3.jar:/Users/knightsong/.m2/repository/commons-daemon/commons-daemon/1.0.13/commons-daemon-1.0.13.jar:/Users/knightsong/.m2/repository/com/sun/jersey/jersey-client/1.9/jersey-client-1.9.jar:/Users/knightsong/.m2/repository/javax/xml/bind/jaxb-api/2.3.1/jaxb-api-2.3.1.jar:/Users/knightsong/.m2/repository/javax/activation/javax.activation-api/1.2.0/javax.activation-api-1.2.0.jar:/Users/knightsong/.m2/repository/javax/xml/stream/stax-api/1.0-2/stax-api-1.0-2.jar:/Users/knightsong/.m2/repository/javax/activation/activation/1.1/activation-1.1.jar:/Users/knightsong/.m2/repository/commons-io/commons-io/2.4/commons-io-2.4.jar:/Users/knightsong/.m2/repository/org/apache/flink/flink-shaded-netty/4.1.39.Final-10.0/flink-shaded-netty-4.1.39.Final-10.0.jar:/Users/knightsong/.m2/repository/org/apache/flink/flink-shaded-guava/18.0-10.0/flink-shaded-guava-18.0-10.0.jar:/Users/knightsong/.m2/repository/org/apache/flink/flink-shaded-jackson/2.10.1-10.0/flink-shaded-jackson-2.10.1-10.0.jar:/Users/knightsong/.m2/repository/org/apache/flink/flink-shaded-zookeeper-3/3.4.10-10.0/flink-shaded-zookeeper-3-3.4.10-10.0.jar:/Users/knightsong/.m2/repository/org/apache/commons/commons-lang3/3.3.2/commons-lang3-3.3.2.jar:/Users/knightsong/.m2/repository/commons-cli/commons-cli/1.3.1/commons-cli-1.3.1.jar:/Users/knightsong/.m2/repository/org/javassist/javassist/3.24.0-GA/javassist-3.24.0-GA.jar:/Users/knightsong/.m2/repository/org/scala-lang/scala-library/2.11.12/scala-library-2.11.12.jar:/Users/knightsong/.m2/repository/com/typesafe/akka/akka-actor_2.11/2.5.21/akka-actor_2.11-2.5.21.jar:/Users/knightsong/.m2/repository/com/typesafe/config/1.3.0/config-1.3.0.jar:/Users/knightsong/.m2/repository/org/scala-lang/modules/scala-java8-compat_2.11/0.7.0/scala-java8-compat_2.11-0.7.0.jar:/Users/knightsong/.m2/repository/com/typesafe/akka/akka-remote_2.11/2.5.21/akka-remote_2.11-2.5.21.jar:/Users/knightsong/.m2/repository/io/netty/netty/3.10.6.Final/netty-3.10.6.Final.jar:/Users/knightsong/.m2/repository/com/typesafe/akka/akka-stream_2.11/2.5.21/akka-stream_2.11-2.5.21.jar:/Users/knightsong/.m2/repository/org/reactivestreams/reactive-streams/1.0.2/reactive-streams-1.0.2.jar:/Users/knightsong/.m2/repository/com/typesafe/ssl-config-core_2.11/0.3.7/ssl-config-core_2.11-0.3.7.jar:/Users/knightsong/.m2/repository/com/typesafe/akka/akka-protobuf_2.11/2.5.21/akka-protobuf_2.11-2.5.21.jar:/Users/knightsong/.m2/repository/com/typesafe/akka/akka-slf4j_2.11/2.5.21/akka-slf4j_2.11-2.5.21.jar:/Users/knightsong/.m2/repository/org/clapper/grizzled-slf4j_2.11/1.3.2/grizzled-slf4j_2.11-1.3.2.jar:/Users/knightsong/.m2/repository/com/github/scopt/scopt_2.11/3.5.0/scopt_2.11-3.5.0.jar:/Users/knightsong/.m2/repository/org/xerial/snappy/snappy-java/1.1.4/snappy-java-1.1.4.jar:/Users/knightsong/.m2/repository/com/twitter/chill_2.11/0.7.6/chill_2.11-0.7.6.jar:/Users/knightsong/.m2/repository/com/twitter/chill-java/0.7.6/chill-java-0.7.6.jar:/Users/knightsong/.m2/repository/org/lz4/lz4-java/1.5.0/lz4-java-1.5.0.jar:/Users/knightsong/.m2/repository/org/apache/flink/flink-test-utils-junit/1.11-SNAPSHOT/flink-test-utils-junit-1.11-SNAPSHOT.jar:/Users/knightsong/.m2/repository/org/apache/flink/flink-metrics-core/1.11-SNAPSHOT/flink-metrics-core-1.11-SNAPSHOT-tests.jar:/Users/knightsong/.m2/repository/org/apache/flink/flink-core/1.11-SNAPSHOT/flink-core-1.11-SNAPSHOT-tests.jar:/Users/knightsong/.m2/repository/org/apache/flink/flink-shaded-netty-tcnative-dynamic/2.0.25.Final-10.0/flink-shaded-netty-tcnative-dynamic-2.0.25.Final-10.0.jar:/Users/knightsong/.m2/repository/org/apache/curator/curator-test/2.12.0/curator-test-2.12.0.jar:/Users/knightsong/.m2/repository/com/google/guava/guava/16.0.1/guava-16.0.1.jar:/Users/knightsong/.m2/repository/org/scalatest/scalatest_2.11/3.0.0/scalatest_2.11-3.0.0.jar:/Users/knightsong/.m2/repository/org/scalactic/scalactic_2.11/3.0.0/scalactic_2.11-3.0.0.jar:/Users/knightsong/.m2/repository/org/scala-lang/scala-reflect/2.11.12/scala-reflect-2.11.12.jar:/Users/knightsong/.m2/repository/org/scala-lang/modules/scala-xml_2.11/1.0.5/scala-xml_2.11-1.0.5.jar:/Users/knightsong/.m2/repository/org/scala-lang/modules/scala-parser-combinators_2.11/1.1.1/scala-parser-combinators_2.11-1.1.1.jar:/Users/knightsong/.m2/repository/com/squareup/okhttp3/okhttp/3.7.0/okhttp-3.7.0.jar:/Users/knightsong/.m2/repository/com/squareup/okio/okio/1.12.0/okio-1.12.0.jar:/Users/knightsong/.m2/repository/com/github/oshi/oshi-core/3.4.0/oshi-core-3.4.0.jar:/Users/knightsong/.m2/repository/net/java/dev/jna/jna-platform/4.2.2/jna-platform-4.2.2.jar:/Users/knightsong/.m2/repository/net/java/dev/jna/jna/4.2.2/jna-4.2.2.jar:/Users/knightsong/.m2/repository/org/apache/flink/force-shading/1.11-SNAPSHOT/force-shading-1.11-SNAPSHOT.jar:/Users/knightsong/.m2/repository/org/slf4j/slf4j-api/1.7.15/slf4j-api-1.7.15.jar:/Users/knightsong/.m2/repository/com/google/code/findbugs/jsr305/1.3.9/jsr305-1.3.9.jar:/Users/knightsong/.m2/repository/junit/junit/4.12/junit-4.12.jar:/Users/knightsong/.m2/repository/org/hamcrest/hamcrest-core/1.3/hamcrest-core-1.3.jar:/Users/knightsong/.m2/repository/org/mockito/mockito-core/2.21.0/mockito-core-2.21.0.jar:/Users/knightsong/.m2/repository/net/bytebuddy/byte-buddy/1.8.15/byte-buddy-1.8.15.jar:/Users/knightsong/.m2/repository/net/bytebuddy/byte-buddy-agent/1.8.15/byte-buddy-agent-1.8.15.jar:/Users/knightsong/.m2/repository/org/objenesis/objenesis/2.1/objenesis-2.1.jar:/Users/knightsong/.m2/repository/org/powermock/powermock-module-junit4/2.0.4/powermock-module-junit4-2.0.4.jar:/Users/knightsong/.m2/repository/org/powermock/powermock-module-junit4-common/2.0.4/powermock-module-junit4-common-2.0.4.jar:/Users/knightsong/.m2/repository/org/powermock/powermock-reflect/2.0.4/powermock-reflect-2.0.4.jar:/Users/knightsong/.m2/repository/org/powermock/powermock-core/2.0.4/powermock-core-2.0.4.jar:/Users/knightsong/.m2/repository/org/powermock/powermock-api-mockito2/2.0.4/powermock-api-mockito2-2.0.4.jar:/Users/knightsong/.m2/repository/org/powermock/powermock-api-support/2.0.4/powermock-api-support-2.0.4.jar:/Users/knightsong/.m2/repository/org/hamcrest/hamcrest-all/1.3/hamcrest-all-1.3.jar:/Users/knightsong/.m2/repository/org/apache/logging/log4j/log4j-slf4j-impl/2.12.1/log4j-slf4j-impl-2.12.1.jar:/Users/knightsong/.m2/repository/org/apache/logging/log4j/log4j-api/2.12.1/log4j-api-2.12.1.jar:/Users/knightsong/.m2/repository/org/apache/logging/log4j/log4j-core/2.12.1/log4j-core-2.12.1.jar:/Users/knightsong/.m2/repository/org/apache/logging/log4j/log4j-1.2-api/2.12.1/log4j-1.2-api-2.12.1.jar:"/>
    <property name="java.vm.vendor" value="Oracle Corporation"/>
    <property name="sun.arch.data.model" value="64"/>
    <property name="java.vendor.url" value="http://java.oracle.com/"/>
    <property name="user.timezone" value=""/>
    <property name="java.vm.specification.version" value="1.8"/>
    <property name="os.name" value="Mac OS X"/>
    <property name="user.country" value="CN"/>
    <property name="sun.java.launcher" value="SUN_STANDARD"/>
    <property name="sun.boot.library.path" value="/Library/Java/JavaVirtualMachines/jdk1.8.jdk/Contents/Home/jre/lib"/>
    <property name="sun.java.command" value="/Users/knightsong/Desktop/flink/flink-runtime/target/surefire/surefirebooter6894479724548077414.jar /Users/knightsong/Desktop/flink/flink-runtime/target/surefire 2020-07-15T18-25-58_605-jvmRun1 surefire5721985681695764145tmp surefire_06820688347649389421tmp"/>
    <property name="test" value="TaskTest.java#testFatalErrorAfterUnInterruptibleInvoke"/>
    <property name="surefire.test.class.path" value="/Users/knightsong/Desktop/flink/flink-runtime/target/test-classes:/Users/knightsong/Desktop/flink/flink-runtime/target/classes:/Users/knightsong/.m2/repository/org/apache/flink/flink-core/1.11-SNAPSHOT/flink-core-1.11-SNAPSHOT.jar:/Users/knightsong/.m2/repository/org/apache/flink/flink-annotations/1.11-SNAPSHOT/flink-annotations-1.11-SNAPSHOT.jar:/Users/knightsong/.m2/repository/org/apache/flink/flink-metrics-core/1.11-SNAPSHOT/flink-metrics-core-1.11-SNAPSHOT.jar:/Users/knightsong/.m2/repository/org/apache/flink/flink-shaded-asm-7/7.1-10.0/flink-shaded-asm-7-7.1-10.0.jar:/Users/knightsong/.m2/repository/com/esotericsoftware/kryo/kryo/2.24.0/kryo-2.24.0.jar:/Users/knightsong/.m2/repository/com/esotericsoftware/minlog/minlog/1.2/minlog-1.2.jar:/Users/knightsong/.m2/repository/commons-collections/commons-collections/3.2.2/commons-collections-3.2.2.jar:/Users/knightsong/.m2/repository/org/apache/commons/commons-compress/1.20/commons-compress-1.20.jar:/Users/knightsong/.m2/repository/org/apache/flink/flink-java/1.11-SNAPSHOT/flink-java-1.11-SNAPSHOT.jar:/Users/knightsong/.m2/repository/org/apache/commons/commons-math3/3.5/commons-math3-3.5.jar:/Users/knightsong/.m2/repository/org/apache/flink/flink-queryable-state-client-java/1.11-SNAPSHOT/flink-queryable-state-client-java-1.11-SNAPSHOT.jar:/Users/knightsong/.m2/repository/org/apache/flink/flink-hadoop-fs/1.11-SNAPSHOT/flink-hadoop-fs-1.11-SNAPSHOT.jar:/Users/knightsong/.m2/repository/org/apache/flink/flink-shaded-hadoop-2/2.4.1-10.0/flink-shaded-hadoop-2-2.4.1-10.0.jar:/Users/knightsong/.m2/repository/org/apache/avro/avro/1.8.2/avro-1.8.2.jar:/Users/knightsong/.m2/repository/org/codehaus/jackson/jackson-core-asl/1.9.13/jackson-core-asl-1.9.13.jar:/Users/knightsong/.m2/repository/org/codehaus/jackson/jackson-mapper-asl/1.9.13/jackson-mapper-asl-1.9.13.jar:/Users/knightsong/.m2/repository/com/thoughtworks/paranamer/paranamer/2.7/paranamer-2.7.jar:/Users/knightsong/.m2/repository/org/tukaani/xz/1.5/xz-1.5.jar:/Users/knightsong/.m2/repository/xmlenc/xmlenc/0.52/xmlenc-0.52.jar:/Users/knightsong/.m2/repository/commons-codec/commons-codec/1.10/commons-codec-1.10.jar:/Users/knightsong/.m2/repository/commons-net/commons-net/3.1/commons-net-3.1.jar:/Users/knightsong/.m2/repository/javax/servlet/servlet-api/2.5/servlet-api-2.5.jar:/Users/knightsong/.m2/repository/commons-el/commons-el/1.0/commons-el-1.0.jar:/Users/knightsong/.m2/repository/commons-logging/commons-logging/1.1.3/commons-logging-1.1.3.jar:/Users/knightsong/.m2/repository/com/jamesmurty/utils/java-xmlbuilder/0.4/java-xmlbuilder-0.4.jar:/Users/knightsong/.m2/repository/commons-lang/commons-lang/2.6/commons-lang-2.6.jar:/Users/knightsong/.m2/repository/commons-configuration/commons-configuration/1.7/commons-configuration-1.7.jar:/Users/knightsong/.m2/repository/commons-digester/commons-digester/1.8.1/commons-digester-1.8.1.jar:/Users/knightsong/.m2/repository/com/jcraft/jsch/0.1.42/jsch-0.1.42.jar:/Users/knightsong/.m2/repository/org/apache/zookeeper/zookeeper/3.4.10/zookeeper-3.4.10.jar:/Users/knightsong/.m2/repository/commons-beanutils/commons-beanutils/1.9.3/commons-beanutils-1.9.3.jar:/Users/knightsong/.m2/repository/commons-daemon/commons-daemon/1.0.13/commons-daemon-1.0.13.jar:/Users/knightsong/.m2/repository/com/sun/jersey/jersey-client/1.9/jersey-client-1.9.jar:/Users/knightsong/.m2/repository/javax/xml/bind/jaxb-api/2.3.1/jaxb-api-2.3.1.jar:/Users/knightsong/.m2/repository/javax/activation/javax.activation-api/1.2.0/javax.activation-api-1.2.0.jar:/Users/knightsong/.m2/repository/javax/xml/stream/stax-api/1.0-2/stax-api-1.0-2.jar:/Users/knightsong/.m2/repository/javax/activation/activation/1.1/activation-1.1.jar:/Users/knightsong/.m2/repository/commons-io/commons-io/2.4/commons-io-2.4.jar:/Users/knightsong/.m2/repository/org/apache/flink/flink-shaded-netty/4.1.39.Final-10.0/flink-shaded-netty-4.1.39.Final-10.0.jar:/Users/knightsong/.m2/repository/org/apache/flink/flink-shaded-guava/18.0-10.0/flink-shaded-guava-18.0-10.0.jar:/Users/knightsong/.m2/repository/org/apache/flink/flink-shaded-jackson/2.10.1-10.0/flink-shaded-jackson-2.10.1-10.0.jar:/Users/knightsong/.m2/repository/org/apache/flink/flink-shaded-zookeeper-3/3.4.10-10.0/flink-shaded-zookeeper-3-3.4.10-10.0.jar:/Users/knightsong/.m2/repository/org/apache/commons/commons-lang3/3.3.2/commons-lang3-3.3.2.jar:/Users/knightsong/.m2/repository/commons-cli/commons-cli/1.3.1/commons-cli-1.3.1.jar:/Users/knightsong/.m2/repository/org/javassist/javassist/3.24.0-GA/javassist-3.24.0-GA.jar:/Users/knightsong/.m2/repository/org/scala-lang/scala-library/2.11.12/scala-library-2.11.12.jar:/Users/knightsong/.m2/repository/com/typesafe/akka/akka-actor_2.11/2.5.21/akka-actor_2.11-2.5.21.jar:/Users/knightsong/.m2/repository/com/typesafe/config/1.3.0/config-1.3.0.jar:/Users/knightsong/.m2/repository/org/scala-lang/modules/scala-java8-compat_2.11/0.7.0/scala-java8-compat_2.11-0.7.0.jar:/Users/knightsong/.m2/repository/com/typesafe/akka/akka-remote_2.11/2.5.21/akka-remote_2.11-2.5.21.jar:/Users/knightsong/.m2/repository/io/netty/netty/3.10.6.Final/netty-3.10.6.Final.jar:/Users/knightsong/.m2/repository/com/typesafe/akka/akka-stream_2.11/2.5.21/akka-stream_2.11-2.5.21.jar:/Users/knightsong/.m2/repository/org/reactivestreams/reactive-streams/1.0.2/reactive-streams-1.0.2.jar:/Users/knightsong/.m2/repository/com/typesafe/ssl-config-core_2.11/0.3.7/ssl-config-core_2.11-0.3.7.jar:/Users/knightsong/.m2/repository/com/typesafe/akka/akka-protobuf_2.11/2.5.21/akka-protobuf_2.11-2.5.21.jar:/Users/knightsong/.m2/repository/com/typesafe/akka/akka-slf4j_2.11/2.5.21/akka-slf4j_2.11-2.5.21.jar:/Users/knightsong/.m2/repository/org/clapper/grizzled-slf4j_2.11/1.3.2/grizzled-slf4j_2.11-1.3.2.jar:/Users/knightsong/.m2/repository/com/github/scopt/scopt_2.11/3.5.0/scopt_2.11-3.5.0.jar:/Users/knightsong/.m2/repository/org/xerial/snappy/snappy-java/1.1.4/snappy-java-1.1.4.jar:/Users/knightsong/.m2/repository/com/twitter/chill_2.11/0.7.6/chill_2.11-0.7.6.jar:/Users/knightsong/.m2/repository/com/twitter/chill-java/0.7.6/chill-java-0.7.6.jar:/Users/knightsong/.m2/repository/org/lz4/lz4-java/1.5.0/lz4-java-1.5.0.jar:/Users/knightsong/.m2/repository/org/apache/flink/flink-test-utils-junit/1.11-SNAPSHOT/flink-test-utils-junit-1.11-SNAPSHOT.jar:/Users/knightsong/.m2/repository/org/apache/flink/flink-metrics-core/1.11-SNAPSHOT/flink-metrics-core-1.11-SNAPSHOT-tests.jar:/Users/knightsong/.m2/repository/org/apache/flink/flink-core/1.11-SNAPSHOT/flink-core-1.11-SNAPSHOT-tests.jar:/Users/knightsong/.m2/repository/org/apache/flink/flink-shaded-netty-tcnative-dynamic/2.0.25.Final-10.0/flink-shaded-netty-tcnative-dynamic-2.0.25.Final-10.0.jar:/Users/knightsong/.m2/repository/org/apache/curator/curator-test/2.12.0/curator-test-2.12.0.jar:/Users/knightsong/.m2/repository/com/google/guava/guava/16.0.1/guava-16.0.1.jar:/Users/knightsong/.m2/repository/org/scalatest/scalatest_2.11/3.0.0/scalatest_2.11-3.0.0.jar:/Users/knightsong/.m2/repository/org/scalactic/scalactic_2.11/3.0.0/scalactic_2.11-3.0.0.jar:/Users/knightsong/.m2/repository/org/scala-lang/scala-reflect/2.11.12/scala-reflect-2.11.12.jar:/Users/knightsong/.m2/repository/org/scala-lang/modules/scala-xml_2.11/1.0.5/scala-xml_2.11-1.0.5.jar:/Users/knightsong/.m2/repository/org/scala-lang/modules/scala-parser-combinators_2.11/1.1.1/scala-parser-combinators_2.11-1.1.1.jar:/Users/knightsong/.m2/repository/com/squareup/okhttp3/okhttp/3.7.0/okhttp-3.7.0.jar:/Users/knightsong/.m2/repository/com/squareup/okio/okio/1.12.0/okio-1.12.0.jar:/Users/knightsong/.m2/repository/com/github/oshi/oshi-core/3.4.0/oshi-core-3.4.0.jar:/Users/knightsong/.m2/repository/net/java/dev/jna/jna-platform/4.2.2/jna-platform-4.2.2.jar:/Users/knightsong/.m2/repository/net/java/dev/jna/jna/4.2.2/jna-4.2.2.jar:/Users/knightsong/.m2/repository/org/apache/flink/force-shading/1.11-SNAPSHOT/force-shading-1.11-SNAPSHOT.jar:/Users/knightsong/.m2/repository/org/slf4j/slf4j-api/1.7.15/slf4j-api-1.7.15.jar:/Users/knightsong/.m2/repository/com/google/code/findbugs/jsr305/1.3.9/jsr305-1.3.9.jar:/Users/knightsong/.m2/repository/junit/junit/4.12/junit-4.12.jar:/Users/knightsong/.m2/repository/org/hamcrest/hamcrest-core/1.3/hamcrest-core-1.3.jar:/Users/knightsong/.m2/repository/org/mockito/mockito-core/2.21.0/mockito-core-2.21.0.jar:/Users/knightsong/.m2/repository/net/bytebuddy/byte-buddy/1.8.15/byte-buddy-1.8.15.jar:/Users/knightsong/.m2/repository/net/bytebuddy/byte-buddy-agent/1.8.15/byte-buddy-agent-1.8.15.jar:/Users/knightsong/.m2/repository/org/objenesis/objenesis/2.1/objenesis-2.1.jar:/Users/knightsong/.m2/repository/org/powermock/powermock-module-junit4/2.0.4/powermock-module-junit4-2.0.4.jar:/Users/knightsong/.m2/repository/org/powermock/powermock-module-junit4-common/2.0.4/powermock-module-junit4-common-2.0.4.jar:/Users/knightsong/.m2/repository/org/powermock/powermock-reflect/2.0.4/powermock-reflect-2.0.4.jar:/Users/knightsong/.m2/repository/org/powermock/powermock-core/2.0.4/powermock-core-2.0.4.jar:/Users/knightsong/.m2/repository/org/powermock/powermock-api-mockito2/2.0.4/powermock-api-mockito2-2.0.4.jar:/Users/knightsong/.m2/repository/org/powermock/powermock-api-support/2.0.4/powermock-api-support-2.0.4.jar:/Users/knightsong/.m2/repository/org/hamcrest/hamcrest-all/1.3/hamcrest-all-1.3.jar:/Users/knightsong/.m2/repository/org/apache/logging/log4j/log4j-slf4j-impl/2.12.1/log4j-slf4j-impl-2.12.1.jar:/Users/knightsong/.m2/repository/org/apache/logging/log4j/log4j-api/2.12.1/log4j-api-2.12.1.jar:/Users/knightsong/.m2/repository/org/apache/logging/log4j/log4j-core/2.12.1/log4j-core-2.12.1.jar:/Users/knightsong/.m2/repository/org/apache/logging/log4j/log4j-1.2-api/2.12.1/log4j-1.2-api-2.12.1.jar:"/>
    <property name="sun.cpu.endian" value="little"/>
    <property name="user.home" value="/Users/knightsong"/>
    <property name="user.language" value="en"/>
    <property name="java.specification.vendor" value="Oracle Corporation"/>
    <property name="java.home" value="/Library/Java/JavaVirtualMachines/jdk1.8.jdk/Contents/Home/jre"/>
    <property name="basedir" value="/Users/knightsong/Desktop/flink/flink-runtime"/>
    <property name="file.separator" value="/"/>
    <property name="checkstyle.skip" value="true"/>
    <property name="line.separator" value="&#10;"/>
    <property name="java.vm.specification.vendor" value="Oracle Corporation"/>
    <property name="java.specification.name" value="Java Platform API Specification"/>
    <property name="java.awt.graphicsenv" value="sun.awt.CGraphicsEnvironment"/>
    <property name="mvn.forkNumber" value="1"/>
    <property name="surefire.real.class.path" value="/Users/knightsong/Desktop/flink/flink-runtime/target/surefire/surefirebooter6894479724548077414.jar"/>
    <property name="sun.boot.class.path" value="/Library/Java/JavaVirtualMachines/jdk1.8.jdk/Contents/Home/jre/lib/resources.jar:/Library/Java/JavaVirtualMachines/jdk1.8.jdk/Contents/Home/jre/lib/rt.jar:/Library/Java/JavaVirtualMachines/jdk1.8.jdk/Contents/Home/jre/lib/sunrsasign.jar:/Library/Java/JavaVirtualMachines/jdk1.8.jdk/Contents/Home/jre/lib/jsse.jar:/Library/Java/JavaVirtualMachines/jdk1.8.jdk/Contents/Home/jre/lib/jce.jar:/Library/Java/JavaVirtualMachines/jdk1.8.jdk/Contents/Home/jre/lib/charsets.jar:/Library/Java/JavaVirtualMachines/jdk1.8.jdk/Contents/Home/jre/lib/jfr.jar:/Library/Java/JavaVirtualMachines/jdk1.8.jdk/Contents/Home/jre/classes"/>
    <property name="sun.management.compiler" value="HotSpot 64-Bit Tiered Compilers"/>
    <property name="java.runtime.version" value="1.8.0_241-b07"/>
    <property name="user.name" value="knightsong"/>
    <property name="path.separator" value=":"/>
    <property name="os.version" value="10.15.5"/>
    <property name="java.endorsed.dirs" value="/Library/Java/JavaVirtualMachines/jdk1.8.jdk/Contents/Home/jre/lib/endorsed"/>
    <property name="java.runtime.name" value="Java(TM) SE Runtime Environment"/>
    <property name="file.encoding" value="UTF-8"/>
    <property name="java.vm.name" value="Java HotSpot(TM) 64-Bit Server VM"/>
    <property name="localRepository" value="/Users/knightsong/.m2/repository"/>
    <property name="java.vendor.url.bug" value="http://bugreport.sun.com/bugreport/"/>
    <property name="java.io.tmpdir" value="/var/folders/8g/0hrn4vt96lsdf_54nd8hb4cc0000gn/T/"/>
    <property name="java.version" value="1.8.0_241"/>
    <property name="user.dir" value="/Users/knightsong/Desktop/flink/flink-runtime"/>
    <property name="os.arch" value="x86_64"/>
    <property name="socksProxyPort" value="1081"/>
    <property name="java.vm.specification.name" value="Java Virtual Machine Specification"/>
    <property name="java.awt.printerjob" value="sun.lwawt.macosx.CPrinterJob"/>
    <property name="sun.os.patch.level" value="unknown"/>
    <property name="java.library.path" value="/Users/knightsong/Library/Java/Extensions:/Library/Java/Extensions:/Network/Library/Java/Extensions:/System/Library/Java/Extensions:/usr/lib/java:."/>
    <property name="java.vm.info" value="mixed mode"/>
    <property name="java.vendor" value="Oracle Corporation"/>
    <property name="java.vm.version" value="25.241-b07"/>
    <property name="jobmanager.scheduler" value=""/>
    <property name="java.ext.dirs" value="/Users/knightsong/Library/Java/Extensions:/Library/Java/JavaVirtualMachines/jdk1.8.jdk/Contents/Home/jre/lib/ext:/Library/Java/Extensions:/Network/Library/Java/Extensions:/System/Library/Java/Extensions:/usr/lib/java"/>
    <property name="sun.io.unicode.encoding" value="UnicodeBig"/>
    <property name="java.class.version" value="52.0"/>
  </properties>
  <testcase name="testFatalErrorAfterUnInterruptibleInvoke" classname="org.apache.flink.runtime.taskmanager.TaskTest" time="1.386">
    <failure message="&#10;Expected: is not null&#10;     but: was null" type="java.lang.AssertionError">java.lang.AssertionError: 

Expected: is not null
     but: was null
	at org.apache.flink.runtime.taskmanager.TaskTest.testFatalErrorAfterUnInterruptibleInvoke(TaskTest.java:825)
</failure>
    <system-err><![CDATA[Exception in thread "Test Task (1/1)" java.lang.NoSuchMethodError: org.apache.flink.util.ExceptionUtils.enrichTaskManagerOutOfMemoryError(Ljava/lang/Throwable;)Ljava/lang/Throwable;
	at org.apache.flink.runtime.taskmanager.Task.doRun(Task.java:755)
	at org.apache.flink.runtime.taskmanager.Task.run(Task.java:542)
	at java.lang.Thread.run(Thread.java:748)
]]></system-err>
  </testcase>
</testsuite>